Unity Editor version:    2021.3.12f1 (8af3c3e441b1)
Branch:                  2021.3/release
Build type:              Release
Batch mode:              YES
macOS version:           Version 12.6 (Build 21G115)
Darwin version:          21.6.0
Architecture:            arm64
Running under Rosetta:   NO
Available memory:        16384 MB
Using pre-set license
Pro License: YES

COMMAND LINE ARGUMENTS:
/Applications/Unity/Hub/Editor/2021.3.12f1/Unity.app/Contents/MacOS/Unity
-adb2
-batchMode
-noUpm
-name
AssetImportWorker1
-projectPath
/Users/sangyeobhan/myLogin
-logFile
Logs/AssetImportWorker1.log
-srvPort
54148
Successfully changed project path to: /Users/sangyeobhan/myLogin
/Users/sangyeobhan/myLogin
[UnityMemory] Configuration Parameters - Can be set up in boot.config
    "memorysetup-bucket-allocator-granularity=16"
    "memorysetup-bucket-allocator-bucket-count=8"
    "memorysetup-bucket-allocator-block-size=33554432"
    "memorysetup-bucket-allocator-block-count=8"
    "memorysetup-main-allocator-block-size=16777216"
    "memorysetup-thread-allocator-block-size=16777216"
    "memorysetup-gfx-main-allocator-block-size=16777216"
    "memorysetup-gfx-thread-allocator-block-size=16777216"
    "memorysetup-cache-allocator-block-size=4194304"
    "memorysetup-typetree-allocator-block-size=2097152"
    "memorysetup-profiler-bucket-allocator-granularity=16"
    "memorysetup-profiler-bucket-allocator-bucket-count=8"
    "memorysetup-profiler-bucket-allocator-block-size=33554432"
    "memorysetup-profiler-bucket-allocator-block-count=8"
    "memorysetup-profiler-allocator-block-size=16777216"
    "memorysetup-profiler-editor-allocator-block-size=1048576"
    "memorysetup-temp-allocator-size-main=16777216"
    "memorysetup-job-temp-allocator-block-size=2097152"
    "memorysetup-job-temp-allocator-block-size-background=1048576"
    "memorysetup-job-temp-allocator-reduction-small-platforms=262144"
    "memorysetup-temp-allocator-size-background-worker=32768"
    "memorysetup-temp-allocator-size-job-worker=262144"
    "memorysetup-temp-allocator-size-preload-manager=33554432"
    "memorysetup-temp-allocator-size-nav-mesh-worker=65536"
    "memorysetup-temp-allocator-size-audio-worker=65536"
    "memorysetup-temp-allocator-size-cloud-worker=32768"
    "memorysetup-temp-allocator-size-gi-baking-worker=262144"
    "memorysetup-temp-allocator-size-gfx=262144"
Refreshing native plugins compatible for Editor in 76.51 ms, found 2 plugins.
Preloading 0 native plugins for Editor in 0.00 ms.
Initialize engine version: 2021.3.12f1 (8af3c3e441b1)
[Subsystems] Discovering subsystems at path /Applications/Unity/Hub/Editor/2021.3.12f1/Unity.app/Contents/Resources/UnitySubsystems
[Subsystems] Discovering subsystems at path /Users/sangyeobhan/myLogin/Assets
GfxDevice: creating device client; threaded=0; jobified=0
 preferred device: Apple M1 Pro (high power)
Metal devices available: 1
0: Apple M1 Pro (high power)
Using device Apple M1 Pro (high power)
Initializing Metal device caps: Apple M1 Pro
Initialize mono
Mono path[0] = '/Applications/Unity/Hub/Editor/2021.3.12f1/Unity.app/Contents/Managed'
Mono path[1] = '/Applications/Unity/Hub/Editor/2021.3.12f1/Unity.app/Contents/MonoBleedingEdge/lib/mono/unityjit-macos'
Mono config path = '/Applications/Unity/Hub/Editor/2021.3.12f1/Unity.app/Contents/MonoBleedingEdge/etc'
Using monoOptions --debugger-agent=transport=dt_socket,embedding=1,server=y,suspend=n,address=127.0.0.1:56798
Begin MonoManager ReloadAssembly
Registering precompiled unity dll's ...
Register platform support module: /Applications/Unity/Hub/Editor/2021.3.12f1/PlaybackEngines/WebGLSupport/UnityEditor.WebGL.Extensions.dll
Register platform support module: /Applications/Unity/Hub/Editor/2021.3.12f1/Unity.app/Contents/PlaybackEngines/MacStandaloneSupport/UnityEditor.OSXStandalone.Extensions.dll
Registered in 0.002533 seconds.
Native extension for OSXStandalone target not found
Native extension for WebGL target not found
Refreshing native plugins compatible for Editor in 79.46 ms, found 2 plugins.
Preloading 0 native plugins for Editor in 0.00 ms.
Mono: successfully reloaded assembly
- Completed reload, in  0.516 seconds
Domain Reload Profiling:
	ReloadAssembly (517ms)
		BeginReloadAssembly (72ms)
			ExecutionOrderSort (0ms)
			DisableScriptedObjects (0ms)
			BackupInstance (0ms)
			ReleaseScriptingObjects (0ms)
			CreateAndSetChildDomain (1ms)
		EndReloadAssembly (362ms)
			LoadAssemblies (72ms)
			RebuildTransferFunctionScriptingTraits (0ms)
			SetupTypeCache (86ms)
			ReleaseScriptCaches (0ms)
			RebuildScriptCaches (23ms)
			SetupLoadedEditorAssemblies (218ms)
				LogAssemblyErrors (0ms)
				InitializePlatformSupportModulesInManaged (5ms)
				SetLoadedEditorAssemblies (0ms)
				RefreshPlugins (80ms)
				BeforeProcessingInitializeOnLoad (1ms)
				ProcessInitializeOnLoadAttributes (103ms)
				ProcessInitializeOnLoadMethodAttributes (30ms)
				AfterProcessingInitializeOnLoad (0ms)
				EditorAssembliesLoaded (0ms)
			ExecutionOrderSort2 (0ms)
			AwakeInstancesAfterBackupRestoration (0ms)
Platform modules already initialized, skipping
Registering precompiled user dll's ...
Registered in 0.001586 seconds.
Begin MonoManager ReloadAssembly
Symbol file LoadedFromMemory doesn't match image /Users/sangyeobhan/myLogin/Library/PackageCache/com.unity.visualscripting@1.7.8/Editor/VisualScripting.Core/Dependencies/YamlDotNet/Unity.VisualScripting.YamlDotNet.dll
Symbol file LoadedFromMemory doesn't match image /Users/sangyeobhan/myLogin/Library/PackageCache/com.unity.visualscripting@1.7.8/Editor/VisualScripting.Core/Dependencies/DotNetZip/Unity.VisualScripting.IonicZip.dll
Native extension for OSXStandalone target not found
Native extension for WebGL target not found
Refreshing native plugins compatible for Editor in 0.35 ms, found 2 plugins.
Preloading 0 native plugins for Editor in 0.00 ms.
Mono: successfully reloaded assembly
- Completed reload, in  0.770 seconds
Domain Reload Profiling:
	ReloadAssembly (770ms)
		BeginReloadAssembly (72ms)
			ExecutionOrderSort (0ms)
			DisableScriptedObjects (4ms)
			BackupInstance (0ms)
			ReleaseScriptingObjects (0ms)
			CreateAndSetChildDomain (20ms)
		EndReloadAssembly (610ms)
			LoadAssemblies (64ms)
			RebuildTransferFunctionScriptingTraits (0ms)
			SetupTypeCache (215ms)
			ReleaseScriptCaches (0ms)
			RebuildScriptCaches (39ms)
			SetupLoadedEditorAssemblies (262ms)
				LogAssemblyErrors (0ms)
				InitializePlatformSupportModulesInManaged (3ms)
				SetLoadedEditorAssemblies (0ms)
				RefreshPlugins (0ms)
				BeforeProcessingInitializeOnLoad (65ms)
				ProcessInitializeOnLoadAttributes (171ms)
				ProcessInitializeOnLoadMethodAttributes (22ms)
				AfterProcessingInitializeOnLoad (1ms)
				EditorAssembliesLoaded (0ms)
			ExecutionOrderSort2 (0ms)
			AwakeInstancesAfterBackupRestoration (3ms)
Platform modules already initialized, skipping
========================================================================
Worker process is ready to serve import requests
Launching external process: /Applications/Unity/Hub/Editor/2021.3.12f1/Unity.app/Contents/Tools/UnityShaderCompiler
Launched and connected shader compiler UnityShaderCompiler after 0.05 seconds
Refreshing native plugins compatible for Editor in 0.42 ms, found 2 plugins.
Preloading 0 native plugins for Editor in 0.00 ms.
Unloading 3381 Unused Serialized files (Serialized files now loaded: 0)
Unloading 27 unused Assets / (96.9 KB). Loaded Objects now: 3838.
Memory consumption went from 229.1 MB to 229.0 MB.
Total: 2.564250 ms (FindLiveObjects: 0.108375 ms CreateObjectMapping: 0.045792 ms MarkObjects: 2.335583 ms  DeleteObjects: 0.073625 ms)

AssetImportParameters requested are different than current active one (requested -> active):
  custom:video-decoder-ogg-theora: a1e56fd34408186e4bbccfd4996cb3dc -> 
  custom:container-muxer-webm: aa71ff27fc2769a1b78a27578f13a17b -> 
  custom:container-demuxer-webm: 4f35f7cbe854078d1ac9338744f61a02 -> 
  custom:video-encoder-webm-vp8: eb34c28f22e8b96e1ab97ce403110664 -> 
  custom:framework-osx-AVFoundation: e770b220cccbd017edd2c1fefb359320 -> 
  custom:audio-encoder-webm-vorbis: bf7c407c2cedff20999df2af8eb42d56 -> 
  custom:container-demuxer-ogg: 62fdf1f143b41e24485cea50d1cbac27 -> 
  custom:video-decoder-webm-vp8: 9c59270c3fd7afecdb556c50c9e8de78 -> 
  custom:audio-decoder-ogg-vorbis: bf7c407c2cedff20999df2af8eb42d56 -> 
========================================================================
Received Import Request.
  Time since last request: 397170.379625 seconds.
  path: Assets/Sprites/Characters/Dead (2).png
  artifactKey: Guid(81e9457403fbf4177858ca248e868088) Importer(815301076,1909f56bfc062723c751e8b465ee728b)
Start importing Assets/Sprites/Characters/Dead (2).png using Guid(81e9457403fbf4177858ca248e868088) Importer(815301076,1909f56bfc062723c751e8b465ee728b)  -> (artifact id: '580b791228756871f6626a481c6357d7') in 0.567389 seconds 
========================================================================
Received Import Request.
  Time since last request: 0.000045 seconds.
  path: Assets/Sprites/Characters/Jump (11).png
  artifactKey: Guid(04b05a68724fc4fd08a06d510dcf103e) Importer(815301076,1909f56bfc062723c751e8b465ee728b)
Start importing Assets/Sprites/Characters/Jump (11).png using Guid(04b05a68724fc4fd08a06d510dcf103e) Importer(815301076,1909f56bfc062723c751e8b465ee728b)  -> (artifact id: 'e6d05a90f2413537a3b89c3a87e7f70d') in 0.006015 seconds 
========================================================================
Received Import Request.
  Time since last request: 0.000027 seconds.
  path: Assets/Sprites/Characters/Jump (3).png
  artifactKey: Guid(403f8fa63cad145678e76a9cdc58a817) Importer(815301076,1909f56bfc062723c751e8b465ee728b)
Start importing Assets/Sprites/Characters/Jump (3).png using Guid(403f8fa63cad145678e76a9cdc58a817) Importer(815301076,1909f56bfc062723c751e8b465ee728b)  -> (artifact id: '88c60ea6dec38193d121725fee0b9169') in 0.004303 seconds 
========================================================================
Received Import Request.
  Time since last request: 0.000049 seconds.
  path: Assets/Sprites/Characters/Jump (7).png
  artifactKey: Guid(ac659ddc789e646bbbafe1e315f7b95e) Importer(815301076,1909f56bfc062723c751e8b465ee728b)
Start importing Assets/Sprites/Characters/Jump (7).png using Guid(ac659ddc789e646bbbafe1e315f7b95e) Importer(815301076,1909f56bfc062723c751e8b465ee728b)  -> (artifact id: '5d59ea5ca332ecd9881af3492d178437') in 0.004255 seconds 
========================================================================
Received Import Request.
  Time since last request: 0.000051 seconds.
  path: Assets/Sprites/Characters/Run (4).png
  artifactKey: Guid(27f03d87c7c0b43b99ed6d1c5eb5f46b) Importer(815301076,1909f56bfc062723c751e8b465ee728b)
Start importing Assets/Sprites/Characters/Run (4).png using Guid(27f03d87c7c0b43b99ed6d1c5eb5f46b) Importer(815301076,1909f56bfc062723c751e8b465ee728b)  -> (artifact id: 'c8c89c6cb8c4fa9b98ef03096add477b') in 0.005241 seconds 
========================================================================
Received Import Request.
  Time since last request: 0.002140 seconds.
  path: Assets/Sprites/Characters/Run (3).png
  artifactKey: Guid(aaf17910def664be7be59929b9d95cd3) Importer(815301076,1909f56bfc062723c751e8b465ee728b)
Start importing Assets/Sprites/Characters/Run (3).png using Guid(aaf17910def664be7be59929b9d95cd3) Importer(815301076,1909f56bfc062723c751e8b465ee728b)  -> (artifact id: '7ddb74b51cf023ad5f67fdd347670a7e') in 0.004195 seconds 
========================================================================
Received Import Request.
  Time since last request: 0.000620 seconds.
  path: Assets/Sprites/Characters/Idle (1).png
  artifactKey: Guid(d746d7e2d1be7449c9d0a9f4a2ed3b63) Importer(815301076,1909f56bfc062723c751e8b465ee728b)
Start importing Assets/Sprites/Characters/Idle (1).png using Guid(d746d7e2d1be7449c9d0a9f4a2ed3b63) Importer(815301076,1909f56bfc062723c751e8b465ee728b)  -> (artifact id: '510b2ebfa6b31bf522272c5d41ef97ca') in 0.004189 seconds 
========================================================================
Received Import Request.
  Time since last request: 0.001260 seconds.
  path: Assets/Sprites/Characters/Jump (5).png
  artifactKey: Guid(c98ad3f0b92c54979b1dc8e3b62e6c3b) Importer(815301076,1909f56bfc062723c751e8b465ee728b)
Start importing Assets/Sprites/Characters/Jump (5).png using Guid(c98ad3f0b92c54979b1dc8e3b62e6c3b) Importer(815301076,1909f56bfc062723c751e8b465ee728b)  -> (artifact id: '1d8c6697d752a1c0b71f5c2513f8118d') in 0.045729 seconds 
========================================================================
Received Import Request.
  Time since last request: 0.000053 seconds.
  path: Assets/Sprites/Characters/Dead (8).png
  artifactKey: Guid(663e00b6540904f218e8983cef0279f8) Importer(815301076,1909f56bfc062723c751e8b465ee728b)
Start importing Assets/Sprites/Characters/Dead (8).png using Guid(663e00b6540904f218e8983cef0279f8) Importer(815301076,1909f56bfc062723c751e8b465ee728b)  -> (artifact id: '589b4d7e11339073baf8743971645479') in 0.004674 seconds 
========================================================================
Received Import Request.
  Time since last request: 0.000042 seconds.
  path: Assets/Sprites/Characters/Walk (3).png
  artifactKey: Guid(00e326f500f4e448c934ddfb80a0b504) Importer(815301076,1909f56bfc062723c751e8b465ee728b)
Start importing Assets/Sprites/Characters/Walk (3).png using Guid(00e326f500f4e448c934ddfb80a0b504) Importer(815301076,1909f56bfc062723c751e8b465ee728b)  -> (artifact id: 'e1bee267acc6a9b2612271eb262986b7') in 0.004001 seconds 
========================================================================
Received Import Request.
  Time since last request: 0.000068 seconds.
  path: Assets/Sprites/Characters/Jump (9).png
  artifactKey: Guid(6702ac0c195694448924655ce5dd0264) Importer(815301076,1909f56bfc062723c751e8b465ee728b)
Start importing Assets/Sprites/Characters/Jump (9).png using Guid(6702ac0c195694448924655ce5dd0264) Importer(815301076,1909f56bfc062723c751e8b465ee728b)  -> (artifact id: 'd7bc0319888d23fe2b1ae402e824cc53') in 0.004344 seconds 
========================================================================
Received Import Request.
  Time since last request: 0.000054 seconds.
  path: Assets/Sprites/Characters/Idle (4).png
  artifactKey: Guid(9d64f1011ddf94c7681a8676a2236ad5) Importer(815301076,1909f56bfc062723c751e8b465ee728b)
Start importing Assets/Sprites/Characters/Idle (4).png using Guid(9d64f1011ddf94c7681a8676a2236ad5) Importer(815301076,1909f56bfc062723c751e8b465ee728b)  -> (artifact id: 'fa0bf50d89f52fa8d72b315ef48df962') in 0.004550 seconds 
========================================================================
Received Import Request.
  Time since last request: 0.000055 seconds.
  path: Assets/Sprites/Characters/Run (1).png
  artifactKey: Guid(38d950ef611bd4e58bbccf2bdac2b24c) Importer(815301076,1909f56bfc062723c751e8b465ee728b)
Start importing Assets/Sprites/Characters/Run (1).png using Guid(38d950ef611bd4e58bbccf2bdac2b24c) Importer(815301076,1909f56bfc062723c751e8b465ee728b)  -> (artifact id: '41dfc52f6af0f06a7e17bcd6800dcd09') in 0.005552 seconds 
========================================================================
Received Import Request.
  Time since last request: 0.000047 seconds.
  path: Assets/Sprites/Characters/Walk (2).png
  artifactKey: Guid(0ad15c01ed2a8454f9fda5e746017196) Importer(815301076,1909f56bfc062723c751e8b465ee728b)
Start importing Assets/Sprites/Characters/Walk (2).png using Guid(0ad15c01ed2a8454f9fda5e746017196) Importer(815301076,1909f56bfc062723c751e8b465ee728b)  -> (artifact id: '1f24a1fd8fc2a5550a120fa546632ccd') in 0.004264 seconds 
========================================================================
Received Import Request.
  Time since last request: 0.000039 seconds.
  path: Assets/Sprites/Characters/Jump (8).png
  artifactKey: Guid(2cf093a6bbc7c46c7851abb85fb9f9c8) Importer(815301076,1909f56bfc062723c751e8b465ee728b)
Start importing Assets/Sprites/Characters/Jump (8).png using Guid(2cf093a6bbc7c46c7851abb85fb9f9c8) Importer(815301076,1909f56bfc062723c751e8b465ee728b)  -> (artifact id: '232c1d7f77e866ff8bf71535f4d610de') in 0.004377 seconds 
========================================================================
Received Import Request.
  Time since last request: 0.000048 seconds.
  path: Assets/Sprites/Characters/Idle (8).png
  artifactKey: Guid(9af96587595c949e1970999b5a1bd78e) Importer(815301076,1909f56bfc062723c751e8b465ee728b)
Start importing Assets/Sprites/Characters/Idle (8).png using Guid(9af96587595c949e1970999b5a1bd78e) Importer(815301076,1909f56bfc062723c751e8b465ee728b)  -> (artifact id: 'ac7e1bbe8ce4a13f940fa31b62023f1a') in 0.004068 seconds 
========================================================================
Received Import Request.
  Time since last request: 0.000065 seconds.
  path: Assets/Sprites/Characters/Dead (6).png
  artifactKey: Guid(609234843e3d44fe296c87e543af5b2c) Importer(815301076,1909f56bfc062723c751e8b465ee728b)
Start importing Assets/Sprites/Characters/Dead (6).png using Guid(609234843e3d44fe296c87e543af5b2c) Importer(815301076,1909f56bfc062723c751e8b465ee728b)  -> (artifact id: '29d49002b5b940dc6f1c05914531248e') in 0.004598 seconds 
========================================================================
Received Import Request.
  Time since last request: 0.000055 seconds.
  path: Assets/Sprites/Characters/Idle (6).png
  artifactKey: Guid(052f3311579c64e94a5b2cad792f3df3) Importer(815301076,1909f56bfc062723c751e8b465ee728b)
Start importing Assets/Sprites/Characters/Idle (6).png using Guid(052f3311579c64e94a5b2cad792f3df3) Importer(815301076,1909f56bfc062723c751e8b465ee728b)  -> (artifact id: 'f3912ed52b630c1218f79cc7f6bd5b06') in 0.004183 seconds 
========================================================================
Received Import Request.
  Time since last request: 0.000039 seconds.
  path: Assets/Sprites/Characters/Jump (4).png
  artifactKey: Guid(0a4ca0bce6a4d437cb046f14acb2ad0a) Importer(815301076,1909f56bfc062723c751e8b465ee728b)
Start importing Assets/Sprites/Characters/Jump (4).png using Guid(0a4ca0bce6a4d437cb046f14acb2ad0a) Importer(815301076,1909f56bfc062723c751e8b465ee728b)  -> (artifact id: '9f52dcd1f9f8d3c833d033a70cc2c392') in 0.004341 seconds 
========================================================================
Received Import Request.
  Time since last request: 0.000040 seconds.
  path: Assets/Sprites/Characters/Jump (12).png
  artifactKey: Guid(d8a74f9e98a194b18bd8055b6d423482) Importer(815301076,1909f56bfc062723c751e8b465ee728b)
Start importing Assets/Sprites/Characters/Jump (12).png using Guid(d8a74f9e98a194b18bd8055b6d423482) Importer(815301076,1909f56bfc062723c751e8b465ee728b)  -> (artifact id: '16bf83b1677b64784c6d665fc03d1760') in 0.003645 seconds 
========================================================================
Received Import Request.
  Time since last request: 0.000037 seconds.
  path: Assets/Sprites/Characters/Run (8).png
  artifactKey: Guid(909d70de2465f4665b666e63ae12635c) Importer(815301076,1909f56bfc062723c751e8b465ee728b)
Start importing Assets/Sprites/Characters/Run (8).png using Guid(909d70de2465f4665b666e63ae12635c) Importer(815301076,1909f56bfc062723c751e8b465ee728b)  -> (artifact id: '46820285b6016270e5a8b53b5491214c') in 0.004708 seconds 
========================================================================
Received Import Request.
  Time since last request: 0.000052 seconds.
  path: Assets/Sprites/Characters/Dead (5).png
  artifactKey: Guid(00d43f0c0c07448a29dcefe98b1d6bb5) Importer(815301076,1909f56bfc062723c751e8b465ee728b)
Start importing Assets/Sprites/Characters/Dead (5).png using Guid(00d43f0c0c07448a29dcefe98b1d6bb5) Importer(815301076,1909f56bfc062723c751e8b465ee728b)  -> (artifact id: 'dd1bf1028aa02b27e66dc53825c6de40') in 0.004079 seconds 
========================================================================
Received Import Request.
  Time since last request: 0.000041 seconds.
  path: Assets/Sprites/Characters/Run (7).png
  artifactKey: Guid(e693870f969b74c32b99806ff3ebd494) Importer(815301076,1909f56bfc062723c751e8b465ee728b)
Start importing Assets/Sprites/Characters/Run (7).png using Guid(e693870f969b74c32b99806ff3ebd494) Importer(815301076,1909f56bfc062723c751e8b465ee728b)  -> (artifact id: 'a5150066acecaf736a77927b915c78ee') in 0.004182 seconds 
========================================================================
Received Import Request.
  Time since last request: 0.000038 seconds.
  path: Assets/Sprites/Characters/Run (6).png
  artifactKey: Guid(bedb237419b82424799252a063ad69d0) Importer(815301076,1909f56bfc062723c751e8b465ee728b)
Start importing Assets/Sprites/Characters/Run (6).png using Guid(bedb237419b82424799252a063ad69d0) Importer(815301076,1909f56bfc062723c751e8b465ee728b)  -> (artifact id: 'ffdfbe8a85edb220339a3816b5b93fdc') in 0.004329 seconds 
========================================================================
Received Prepare
Registering precompiled user dll's ...
Registered in 0.002709 seconds.
Begin MonoManager ReloadAssembly
Thread 0x293d07000 may have been prematurely finalized
Symbol file LoadedFromMemory doesn't match image /Users/sangyeobhan/myLogin/Library/PackageCache/com.unity.visualscripting@1.7.8/Editor/VisualScripting.Core/Dependencies/YamlDotNet/Unity.VisualScripting.YamlDotNet.dll
Symbol file LoadedFromMemory doesn't match image /Users/sangyeobhan/myLogin/Library/PackageCache/com.unity.visualscripting@1.7.8/Editor/VisualScripting.Core/Dependencies/DotNetZip/Unity.VisualScripting.IonicZip.dll
Native extension for OSXStandalone target not found
Native extension for WebGL target not found
Refreshing native plugins compatible for Editor in 0.36 ms, found 2 plugins.
Preloading 0 native plugins for Editor in 0.00 ms.
Mono: successfully reloaded assembly
- Completed reload, in  0.783 seconds
Domain Reload Profiling:
	ReloadAssembly (784ms)
		BeginReloadAssembly (116ms)
			ExecutionOrderSort (0ms)
			DisableScriptedObjects (4ms)
			BackupInstance (0ms)
			ReleaseScriptingObjects (0ms)
			CreateAndSetChildDomain (54ms)
		EndReloadAssembly (596ms)
			LoadAssemblies (40ms)
			RebuildTransferFunctionScriptingTraits (0ms)
			SetupTypeCache (254ms)
			ReleaseScriptCaches (1ms)
			RebuildScriptCaches (32ms)
			SetupLoadedEditorAssemblies (237ms)
				LogAssemblyErrors (0ms)
				InitializePlatformSupportModulesInManaged (6ms)
				SetLoadedEditorAssemblies (0ms)
				RefreshPlugins (0ms)
				BeforeProcessingInitializeOnLoad (45ms)
				ProcessInitializeOnLoadAttributes (164ms)
				ProcessInitializeOnLoadMethodAttributes (20ms)
				AfterProcessingInitializeOnLoad (1ms)
				EditorAssembliesLoaded (0ms)
			ExecutionOrderSort2 (0ms)
			AwakeInstancesAfterBackupRestoration (3ms)
Platform modules already initialized, skipping
Refreshing native plugins compatible for Editor in 0.74 ms, found 2 plugins.
Preloading 0 native plugins for Editor in 0.00 ms.
Unloading 3382 Unused Serialized files (Serialized files now loaded: 0)
Unloading 20 unused Assets / (72.9 KB). Loaded Objects now: 3850.
Memory consumption went from 234.1 MB to 234.0 MB.
Total: 2.604542 ms (FindLiveObjects: 0.131750 ms CreateObjectMapping: 0.048916 ms MarkObjects: 2.361417 ms  DeleteObjects: 0.061833 ms)

AssetImportParameters requested are different than current active one (requested -> active):
  custom:video-decoder-ogg-theora: a1e56fd34408186e4bbccfd4996cb3dc -> 
  custom:container-muxer-webm: aa71ff27fc2769a1b78a27578f13a17b -> 
  custom:container-demuxer-webm: 4f35f7cbe854078d1ac9338744f61a02 -> 
  custom:video-encoder-webm-vp8: eb34c28f22e8b96e1ab97ce403110664 -> 
  custom:framework-osx-AVFoundation: e770b220cccbd017edd2c1fefb359320 -> 
  custom:audio-encoder-webm-vorbis: bf7c407c2cedff20999df2af8eb42d56 -> 
  custom:container-demuxer-ogg: 62fdf1f143b41e24485cea50d1cbac27 -> 
  custom:video-decoder-webm-vp8: 9c59270c3fd7afecdb556c50c9e8de78 -> 
  custom:audio-decoder-ogg-vorbis: bf7c407c2cedff20999df2af8eb42d56 -> 
========================================================================
Received Import Request.
  Time since last request: 1821.453511 seconds.
  path: Assets/Free_Pack/BURLY-MAN_1_swordsman/BURLY-MAN_1_swordsman.prefab
  artifactKey: Guid(e401b93f8d618fb43b67f19b68229e3c) Importer(815301076,1909f56bfc062723c751e8b465ee728b)
Start importing Assets/Free_Pack/BURLY-MAN_1_swordsman/BURLY-MAN_1_swordsman.prefab using Guid(e401b93f8d618fb43b67f19b68229e3c) Importer(815301076,1909f56bfc062723c751e8b465ee728b)  -> (artifact id: '1ab26c142cebd5270d05a2bff16287dd') in 1.586188 seconds 
========================================================================
Received Import Request.
  Time since last request: 0.000047 seconds.
  path: Assets/Free_Pack/BURLY-MAN_1_swordsman/Completed_IMG.png
  artifactKey: Guid(f782ada428eba8b40a92286f440060c8) Importer(815301076,1909f56bfc062723c751e8b465ee728b)
Start importing Assets/Free_Pack/BURLY-MAN_1_swordsman/Completed_IMG.png using Guid(f782ada428eba8b40a92286f440060c8) Importer(815301076,1909f56bfc062723c751e8b465ee728b)  -> (artifact id: 'fa7feb9ea9f21357f8664a7c9fcb2265') in 0.035418 seconds 
========================================================================
Received Import Request.
  Time since last request: 0.000043 seconds.
  path: Assets/Free_Pack/BURLY-MAN_1_swordsman/line.png
  artifactKey: Guid(d4bd0dfde7292e949a8c740ce999d97d) Importer(815301076,1909f56bfc062723c751e8b465ee728b)
Start importing Assets/Free_Pack/BURLY-MAN_1_swordsman/line.png using Guid(d4bd0dfde7292e949a8c740ce999d97d) Importer(815301076,1909f56bfc062723c751e8b465ee728b)  -> (artifact id: 'bca1fe128d2bd208b83b4782686c20b9') in 0.008305 seconds 
========================================================================
Received Import Request.
  Time since last request: 432.750250 seconds.
  path: Assets/Free_Pack/Demo_GameResource/BURLY-MAN_1_swordsman.prefab
  artifactKey: Guid(8cc81305d37e7f546ac8b6604aca1497) Importer(815301076,1909f56bfc062723c751e8b465ee728b)
Start importing Assets/Free_Pack/Demo_GameResource/BURLY-MAN_1_swordsman.prefab using Guid(8cc81305d37e7f546ac8b6604aca1497) Importer(815301076,1909f56bfc062723c751e8b465ee728b)  -> (artifact id: '9d5bce746414cc79362b6844b246d4ac') in 0.056389 seconds 
========================================================================
Received Import Request.
  Time since last request: 0.000099 seconds.
  path: Assets/Free_Pack/Demo_GameResource/Wooden_Doll.prefab
  artifactKey: Guid(125feebcde020894d91740ac65606688) Importer(815301076,1909f56bfc062723c751e8b465ee728b)
Start importing Assets/Free_Pack/Demo_GameResource/Wooden_Doll.prefab using Guid(125feebcde020894d91740ac65606688) Importer(815301076,1909f56bfc062723c751e8b465ee728b)  -> (artifact id: '9ba3aaed961ae11f527b96bb6caf439b') in 0.026518 seconds 
========================================================================
Received Import Request.
  Time since last request: 0.000047 seconds.
  path: Assets/Free_Pack/Demo_GameResource/Canvas.prefab
  artifactKey: Guid(2e1151cbd0a77a847ab536b0f05cb03c) Importer(815301076,1909f56bfc062723c751e8b465ee728b)
Start importing Assets/Free_Pack/Demo_GameResource/Canvas.prefab using Guid(2e1151cbd0a77a847ab536b0f05cb03c) Importer(815301076,1909f56bfc062723c751e8b465ee728b)  -> (artifact id: 'e037034c6a095bdf00eb0fc7a060910b') in 0.018792 seconds 
========================================================================
Received Prepare
Registering precompiled user dll's ...
Registered in 0.001372 seconds.
Begin MonoManager ReloadAssembly
Thread 0x16ba23000 may have been prematurely finalized
Symbol file LoadedFromMemory doesn't match image /Users/sangyeobhan/myLogin/Library/PackageCache/com.unity.visualscripting@1.7.8/Editor/VisualScripting.Core/Dependencies/YamlDotNet/Unity.VisualScripting.YamlDotNet.dll
Symbol file LoadedFromMemory doesn't match image /Users/sangyeobhan/myLogin/Library/PackageCache/com.unity.visualscripting@1.7.8/Editor/VisualScripting.Core/Dependencies/DotNetZip/Unity.VisualScripting.IonicZip.dll
Native extension for OSXStandalone target not found
Native extension for WebGL target not found
Refreshing native plugins compatible for Editor in 0.40 ms, found 2 plugins.
Preloading 0 native plugins for Editor in 0.00 ms.
Mono: successfully reloaded assembly
- Completed reload, in  0.749 seconds
Domain Reload Profiling:
	ReloadAssembly (750ms)
		BeginReloadAssembly (116ms)
			ExecutionOrderSort (0ms)
			DisableScriptedObjects (5ms)
			BackupInstance (0ms)
			ReleaseScriptingObjects (0ms)
			CreateAndSetChildDomain (54ms)
		EndReloadAssembly (563ms)
			LoadAssemblies (47ms)
			RebuildTransferFunctionScriptingTraits (0ms)
			SetupTypeCache (230ms)
			ReleaseScriptCaches (1ms)
			RebuildScriptCaches (32ms)
			SetupLoadedEditorAssemblies (222ms)
				LogAssemblyErrors (0ms)
				InitializePlatformSupportModulesInManaged (7ms)
				SetLoadedEditorAssemblies (0ms)
				RefreshPlugins (0ms)
				BeforeProcessingInitializeOnLoad (44ms)
				ProcessInitializeOnLoadAttributes (151ms)
				ProcessInitializeOnLoadMethodAttributes (19ms)
				AfterProcessingInitializeOnLoad (1ms)
				EditorAssembliesLoaded (0ms)
			ExecutionOrderSort2 (0ms)
			AwakeInstancesAfterBackupRestoration (3ms)
Platform modules already initialized, skipping
Refreshing native plugins compatible for Editor in 0.80 ms, found 2 plugins.
Preloading 0 native plugins for Editor in 0.00 ms.
Unloading 3376 Unused Serialized files (Serialized files now loaded: 0)
Unloading 26 unused Assets / (73.3 KB). Loaded Objects now: 3862.
Memory consumption went from 243.1 MB to 243.0 MB.
Total: 2.574375 ms (FindLiveObjects: 0.110000 ms CreateObjectMapping: 0.044750 ms MarkObjects: 2.345125 ms  DeleteObjects: 0.073959 ms)

AssetImportParameters requested are different than current active one (requested -> active):
  custom:video-decoder-ogg-theora: a1e56fd34408186e4bbccfd4996cb3dc -> 
  custom:container-muxer-webm: aa71ff27fc2769a1b78a27578f13a17b -> 
  custom:container-demuxer-webm: 4f35f7cbe854078d1ac9338744f61a02 -> 
  custom:video-encoder-webm-vp8: eb34c28f22e8b96e1ab97ce403110664 -> 
  custom:framework-osx-AVFoundation: e770b220cccbd017edd2c1fefb359320 -> 
  custom:audio-encoder-webm-vorbis: bf7c407c2cedff20999df2af8eb42d56 -> 
  custom:container-demuxer-ogg: 62fdf1f143b41e24485cea50d1cbac27 -> 
  custom:video-decoder-webm-vp8: 9c59270c3fd7afecdb556c50c9e8de78 -> 
  custom:audio-decoder-ogg-vorbis: bf7c407c2cedff20999df2af8eb42d56 -> 
========================================================================
Received Import Request.
  Time since last request: 148.248487 seconds.
  path: Assets/DKP_PixelArt/PixelArtStarshipPackage_TerranFleet/Sprites/PixelArtStarshipFleetPackage_TerranFleet_Cargo.png
  artifactKey: Guid(d5429eb211763cb44bdd3f6e5238823b) Importer(815301076,1909f56bfc062723c751e8b465ee728b)
Start importing Assets/DKP_PixelArt/PixelArtStarshipPackage_TerranFleet/Sprites/PixelArtStarshipFleetPackage_TerranFleet_Cargo.png using Guid(d5429eb211763cb44bdd3f6e5238823b) Importer(815301076,1909f56bfc062723c751e8b465ee728b)  -> (artifact id: '54728ba4e0eba56421eb4237df128c70') in 0.074096 seconds 
========================================================================
Received Import Request.
  Time since last request: 0.000042 seconds.
  path: Assets/DKP_PixelArt/PixelArtStarshipPackage_TerranFleet/Sprites/PixelArtStarshipFleetPackage_TerranFleet_Green.png
  artifactKey: Guid(f13f13c1f15ea1a4cae0765e8d89e466) Importer(815301076,1909f56bfc062723c751e8b465ee728b)
Start importing Assets/DKP_PixelArt/PixelArtStarshipPackage_TerranFleet/Sprites/PixelArtStarshipFleetPackage_TerranFleet_Green.png using Guid(f13f13c1f15ea1a4cae0765e8d89e466) Importer(815301076,1909f56bfc062723c751e8b465ee728b)  -> (artifact id: 'f57cd706d2a4e9a8241b440d727c1a30') in 0.006104 seconds 
========================================================================
Received Import Request.
  Time since last request: 0.000040 seconds.
  path: Assets/DKP_PixelArt/PixelArtStarshipPackage_TerranFleet/Sprites/PixelArtStarshipFleetPackage_TerranFleet_Red.png
  artifactKey: Guid(29280373f4463b74f9f3e295bdeeb6f5) Importer(815301076,1909f56bfc062723c751e8b465ee728b)
Start importing Assets/DKP_PixelArt/PixelArtStarshipPackage_TerranFleet/Sprites/PixelArtStarshipFleetPackage_TerranFleet_Red.png using Guid(29280373f4463b74f9f3e295bdeeb6f5) Importer(815301076,1909f56bfc062723c751e8b465ee728b)  -> (artifact id: '6654ac925e0623082b2f1a4d1fea88e6') in 0.006866 seconds 
========================================================================
Received Prepare
Registering precompiled user dll's ...
Registered in 0.001275 seconds.
Begin MonoManager ReloadAssembly
Thread 0x16ba23000 may have been prematurely finalized
Symbol file LoadedFromMemory doesn't match image /Users/sangyeobhan/myLogin/Library/PackageCache/com.unity.visualscripting@1.7.8/Editor/VisualScripting.Core/Dependencies/YamlDotNet/Unity.VisualScripting.YamlDotNet.dll
Symbol file LoadedFromMemory doesn't match image /Users/sangyeobhan/myLogin/Library/PackageCache/com.unity.visualscripting@1.7.8/Editor/VisualScripting.Core/Dependencies/DotNetZip/Unity.VisualScripting.IonicZip.dll
Native extension for OSXStandalone target not found
Native extension for WebGL target not found
Refreshing native plugins compatible for Editor in 0.35 ms, found 2 plugins.
Preloading 0 native plugins for Editor in 0.00 ms.
Mono: successfully reloaded assembly
- Completed reload, in  0.734 seconds
Domain Reload Profiling:
	ReloadAssembly (734ms)
		BeginReloadAssembly (107ms)
			ExecutionOrderSort (0ms)
			DisableScriptedObjects (4ms)
			BackupInstance (0ms)
			ReleaseScriptingObjects (0ms)
			CreateAndSetChildDomain (49ms)
		EndReloadAssembly (553ms)
			LoadAssemblies (46ms)
			RebuildTransferFunctionScriptingTraits (0ms)
			SetupTypeCache (221ms)
			ReleaseScriptCaches (1ms)
			RebuildScriptCaches (32ms)
			SetupLoadedEditorAssemblies (222ms)
				LogAssemblyErrors (0ms)
				InitializePlatformSupportModulesInManaged (6ms)
				SetLoadedEditorAssemblies (0ms)
				RefreshPlugins (0ms)
				BeforeProcessingInitializeOnLoad (44ms)
				ProcessInitializeOnLoadAttributes (153ms)
				ProcessInitializeOnLoadMethodAttributes (18ms)
				AfterProcessingInitializeOnLoad (1ms)
				EditorAssembliesLoaded (0ms)
			ExecutionOrderSort2 (0ms)
			AwakeInstancesAfterBackupRestoration (3ms)
Platform modules already initialized, skipping
Refreshing native plugins compatible for Editor in 0.85 ms, found 2 plugins.
Preloading 0 native plugins for Editor in 0.00 ms.
Unloading 3413 Unused Serialized files (Serialized files now loaded: 0)
Unloading 20 unused Assets / (73.2 KB). Loaded Objects now: 3914.
Memory consumption went from 245.1 MB to 245.0 MB.
Total: 2.412291 ms (FindLiveObjects: 0.121292 ms CreateObjectMapping: 0.044541 ms MarkObjects: 2.154375 ms  DeleteObjects: 0.091416 ms)

AssetImportParameters requested are different than current active one (requested -> active):
  custom:video-decoder-ogg-theora: a1e56fd34408186e4bbccfd4996cb3dc -> 
  custom:container-muxer-webm: aa71ff27fc2769a1b78a27578f13a17b -> 
  custom:container-demuxer-webm: 4f35f7cbe854078d1ac9338744f61a02 -> 
  custom:video-encoder-webm-vp8: eb34c28f22e8b96e1ab97ce403110664 -> 
  custom:framework-osx-AVFoundation: e770b220cccbd017edd2c1fefb359320 -> 
  custom:audio-encoder-webm-vorbis: bf7c407c2cedff20999df2af8eb42d56 -> 
  custom:container-demuxer-ogg: 62fdf1f143b41e24485cea50d1cbac27 -> 
  custom:video-decoder-webm-vp8: 9c59270c3fd7afecdb556c50c9e8de78 -> 
  custom:audio-decoder-ogg-vorbis: bf7c407c2cedff20999df2af8eb42d56 -> 
========================================================================
Received Import Request.
  Time since last request: 397.557418 seconds.
  path: Assets/DKP_PixelArt/PixelArtStarshipPackage_TerranFleet/PSD/PixelArtStarshipFleetPackage_TerranFleet_DKP.psd
  artifactKey: Guid(f037e7ca970c5f245aceefcf4215eeb2) Importer(815301076,1909f56bfc062723c751e8b465ee728b)
Start importing Assets/DKP_PixelArt/PixelArtStarshipPackage_TerranFleet/PSD/PixelArtStarshipFleetPackage_TerranFleet_DKP.psd using Guid(f037e7ca970c5f245aceefcf4215eeb2) Importer(815301076,1909f56bfc062723c751e8b465ee728b)  -> (artifact id: '46ef155cc626feb7aca54202044c0eb7') in 0.109991 seconds 
========================================================================
Received Import Request.
  Time since last request: 11.893778 seconds.
  path: Assets/DKP_PixelArt/PixelArtStarshipPackage_TerranFleet/Prefabs/CargoContainers/Cargo_BlueLong1.prefab
  artifactKey: Guid(6f315cd84b8e65d4083545fc53ed57cd) Importer(815301076,1909f56bfc062723c751e8b465ee728b)
Start importing Assets/DKP_PixelArt/PixelArtStarshipPackage_TerranFleet/Prefabs/CargoContainers/Cargo_BlueLong1.prefab using Guid(6f315cd84b8e65d4083545fc53ed57cd) Importer(815301076,1909f56bfc062723c751e8b465ee728b)  -> (artifact id: '1592701da688cb1f0a7691150123eaa6') in 0.024462 seconds 
========================================================================
Received Import Request.
  Time since last request: 0.000055 seconds.
  path: Assets/DKP_PixelArt/PixelArtStarshipPackage_TerranFleet/Prefabs/CargoContainers/Cargo_RedTube2.prefab
  artifactKey: Guid(57294d0601b7e2a4d8ea96c5d0f53608) Importer(815301076,1909f56bfc062723c751e8b465ee728b)
Start importing Assets/DKP_PixelArt/PixelArtStarshipPackage_TerranFleet/Prefabs/CargoContainers/Cargo_RedTube2.prefab using Guid(57294d0601b7e2a4d8ea96c5d0f53608) Importer(815301076,1909f56bfc062723c751e8b465ee728b)  -> (artifact id: 'c3ea4f727b0b4fcd4a98d9f11a05f9a6') in 0.005086 seconds 
========================================================================
Received Import Request.
  Time since last request: 0.000070 seconds.
  path: Assets/DKP_PixelArt/PixelArtStarshipPackage_TerranFleet/Prefabs/CargoContainers/Cargo_BrownSmall.prefab
  artifactKey: Guid(d41fd5ab53a1d6441b3d71373f32c7e9) Importer(815301076,1909f56bfc062723c751e8b465ee728b)
Start importing Assets/DKP_PixelArt/PixelArtStarshipPackage_TerranFleet/Prefabs/CargoContainers/Cargo_BrownSmall.prefab using Guid(d41fd5ab53a1d6441b3d71373f32c7e9) Importer(815301076,1909f56bfc062723c751e8b465ee728b)  -> (artifact id: '297b839b56f745f112aad6c3006b2f67') in 0.005661 seconds 
========================================================================
Received Import Request.
  Time since last request: 0.000053 seconds.
  path: Assets/DKP_PixelArt/PixelArtStarshipPackage_TerranFleet/Prefabs/CargoContainers/Cargo_GreenTube2.prefab
  artifactKey: Guid(224222b1f7e5d5542aa2e59eb8834974) Importer(815301076,1909f56bfc062723c751e8b465ee728b)
Start importing Assets/DKP_PixelArt/PixelArtStarshipPackage_TerranFleet/Prefabs/CargoContainers/Cargo_GreenTube2.prefab using Guid(224222b1f7e5d5542aa2e59eb8834974) Importer(815301076,1909f56bfc062723c751e8b465ee728b)  -> (artifact id: 'd0e259ca2017f6c432a46c4bd8cfc7c9') in 0.004829 seconds 
========================================================================
Received Import Request.
  Time since last request: 0.000052 seconds.
  path: Assets/DKP_PixelArt/PixelArtStarshipPackage_TerranFleet/Prefabs/CargoContainers/Cargo_BrownBox_Left.prefab
  artifactKey: Guid(9eb59dc3ae8868d4e8b9ebaa4cff2744) Importer(815301076,1909f56bfc062723c751e8b465ee728b)
Start importing Assets/DKP_PixelArt/PixelArtStarshipPackage_TerranFleet/Prefabs/CargoContainers/Cargo_BrownBox_Left.prefab using Guid(9eb59dc3ae8868d4e8b9ebaa4cff2744) Importer(815301076,1909f56bfc062723c751e8b465ee728b)  -> (artifact id: 'b0a0a07977e0ae1c3079acddb94c7c9f') in 0.005084 seconds 
========================================================================
Received Import Request.
  Time since last request: 0.000041 seconds.
  path: Assets/DKP_PixelArt/PixelArtStarshipPackage_TerranFleet/Prefabs/CargoContainers/Cargo_BrownSmall2.prefab
  artifactKey: Guid(d580821a5eff7124d9819a3cd24b20c7) Importer(815301076,1909f56bfc062723c751e8b465ee728b)
Start importing Assets/DKP_PixelArt/PixelArtStarshipPackage_TerranFleet/Prefabs/CargoContainers/Cargo_BrownSmall2.prefab using Guid(d580821a5eff7124d9819a3cd24b20c7) Importer(815301076,1909f56bfc062723c751e8b465ee728b)  -> (artifact id: '148cd4a6f03c848d2be4a5956f81d6e1') in 0.004609 seconds 
========================================================================
Received Import Request.
  Time since last request: 0.000038 seconds.
  path: Assets/DKP_PixelArt/PixelArtStarshipPackage_TerranFleet/Prefabs/CargoContainers/Cargo_GrayBox_RightSmall.prefab
  artifactKey: Guid(a36897a1b00b3af4a85fd0aa41f824e0) Importer(815301076,1909f56bfc062723c751e8b465ee728b)
Start importing Assets/DKP_PixelArt/PixelArtStarshipPackage_TerranFleet/Prefabs/CargoContainers/Cargo_GrayBox_RightSmall.prefab using Guid(a36897a1b00b3af4a85fd0aa41f824e0) Importer(815301076,1909f56bfc062723c751e8b465ee728b)  -> (artifact id: '0aa7109de159778f9e9d9ac0b70bc4c7') in 0.004967 seconds 
========================================================================
Received Import Request.
  Time since last request: 0.000054 seconds.
  path: Assets/DKP_PixelArt/PixelArtStarshipPackage_TerranFleet/Prefabs/CargoContainers/Cargo_BlueTube2.prefab
  artifactKey: Guid(a42745f934d43f145aa368963d540f19) Importer(815301076,1909f56bfc062723c751e8b465ee728b)
Start importing Assets/DKP_PixelArt/PixelArtStarshipPackage_TerranFleet/Prefabs/CargoContainers/Cargo_BlueTube2.prefab using Guid(a42745f934d43f145aa368963d540f19) Importer(815301076,1909f56bfc062723c751e8b465ee728b)  -> (artifact id: 'ea6a6536374b3b34e4acdf2c4395b0c2') in 0.004739 seconds 
========================================================================
Received Import Request.
  Time since last request: 0.000044 seconds.
  path: Assets/DKP_PixelArt/PixelArtStarshipPackage_TerranFleet/Prefabs/CargoContainers/Cargo_TanBox_RightSmall.prefab
  artifactKey: Guid(a342c703d3089b6459804192c925f81a) Importer(815301076,1909f56bfc062723c751e8b465ee728b)
Start importing Assets/DKP_PixelArt/PixelArtStarshipPackage_TerranFleet/Prefabs/CargoContainers/Cargo_TanBox_RightSmall.prefab using Guid(a342c703d3089b6459804192c925f81a) Importer(815301076,1909f56bfc062723c751e8b465ee728b)  -> (artifact id: '1789b5a61fea24bdd44ee7452e668ae7') in 0.004566 seconds 
========================================================================
Received Import Request.
  Time since last request: 0.000044 seconds.
  path: Assets/DKP_PixelArt/PixelArtStarshipPackage_TerranFleet/Prefabs/CargoContainers/Cargo_TanBox_Right.prefab
  artifactKey: Guid(7900658d862ed3e4784fe9d2e1baf201) Importer(815301076,1909f56bfc062723c751e8b465ee728b)
Start importing Assets/DKP_PixelArt/PixelArtStarshipPackage_TerranFleet/Prefabs/CargoContainers/Cargo_TanBox_Right.prefab using Guid(7900658d862ed3e4784fe9d2e1baf201) Importer(815301076,1909f56bfc062723c751e8b465ee728b)  -> (artifact id: '4d663ee39535a7cfa76bda983eefc0b7') in 0.005672 seconds 
========================================================================
Received Import Request.
  Time since last request: 0.000043 seconds.
  path: Assets/DKP_PixelArt/PixelArtStarshipPackage_TerranFleet/Prefabs/CargoContainers/Cargo_BlueTube1.prefab
  artifactKey: Guid(ee8d5262b2feb5e40ab4f4fd7987058d) Importer(815301076,1909f56bfc062723c751e8b465ee728b)
Start importing Assets/DKP_PixelArt/PixelArtStarshipPackage_TerranFleet/Prefabs/CargoContainers/Cargo_BlueTube1.prefab using Guid(ee8d5262b2feb5e40ab4f4fd7987058d) Importer(815301076,1909f56bfc062723c751e8b465ee728b)  -> (artifact id: '31f084d80165a1b302d56f88edf72419') in 0.004561 seconds 
========================================================================
Received Prepare
Registering precompiled user dll's ...
Registered in 0.001327 seconds.
Begin MonoManager ReloadAssembly
Thread 0x16ba23000 may have been prematurely finalized
Symbol file LoadedFromMemory doesn't match image /Users/sangyeobhan/myLogin/Library/PackageCache/com.unity.visualscripting@1.7.8/Editor/VisualScripting.Core/Dependencies/YamlDotNet/Unity.VisualScripting.YamlDotNet.dll
Symbol file LoadedFromMemory doesn't match image /Users/sangyeobhan/myLogin/Library/PackageCache/com.unity.visualscripting@1.7.8/Editor/VisualScripting.Core/Dependencies/DotNetZip/Unity.VisualScripting.IonicZip.dll
Native extension for OSXStandalone target not found
Native extension for WebGL target not found
Refreshing native plugins compatible for Editor in 0.35 ms, found 2 plugins.
Preloading 0 native plugins for Editor in 0.00 ms.
Mono: successfully reloaded assembly
- Completed reload, in  0.767 seconds
Domain Reload Profiling:
	ReloadAssembly (768ms)
		BeginReloadAssembly (120ms)
			ExecutionOrderSort (0ms)
			DisableScriptedObjects (4ms)
			BackupInstance (0ms)
			ReleaseScriptingObjects (0ms)
			CreateAndSetChildDomain (57ms)
		EndReloadAssembly (574ms)
			LoadAssemblies (44ms)
			RebuildTransferFunctionScriptingTraits (0ms)
			SetupTypeCache (227ms)
			ReleaseScriptCaches (1ms)
			RebuildScriptCaches (34ms)
			SetupLoadedEditorAssemblies (236ms)
				LogAssemblyErrors (0ms)
				InitializePlatformSupportModulesInManaged (6ms)
				SetLoadedEditorAssemblies (0ms)
				RefreshPlugins (0ms)
				BeforeProcessingInitializeOnLoad (45ms)
				ProcessInitializeOnLoadAttributes (163ms)
				ProcessInitializeOnLoadMethodAttributes (20ms)
				AfterProcessingInitializeOnLoad (1ms)
				EditorAssembliesLoaded (0ms)
			ExecutionOrderSort2 (0ms)
			AwakeInstancesAfterBackupRestoration (3ms)
Platform modules already initialized, skipping
Refreshing native plugins compatible for Editor in 0.90 ms, found 2 plugins.
Preloading 0 native plugins for Editor in 0.00 ms.
Unloading 3413 Unused Serialized files (Serialized files now loaded: 0)
Unloading 20 unused Assets / (73.1 KB). Loaded Objects now: 3919.
Memory consumption went from 249.4 MB to 249.4 MB.
Total: 2.508417 ms (FindLiveObjects: 0.126750 ms CreateObjectMapping: 0.046917 ms MarkObjects: 2.258292 ms  DeleteObjects: 0.075875 ms)

AssetImportParameters requested are different than current active one (requested -> active):
  custom:video-decoder-ogg-theora: a1e56fd34408186e4bbccfd4996cb3dc -> 
  custom:container-muxer-webm: aa71ff27fc2769a1b78a27578f13a17b -> 
  custom:container-demuxer-webm: 4f35f7cbe854078d1ac9338744f61a02 -> 
  custom:video-encoder-webm-vp8: eb34c28f22e8b96e1ab97ce403110664 -> 
  custom:framework-osx-AVFoundation: e770b220cccbd017edd2c1fefb359320 -> 
  custom:audio-encoder-webm-vorbis: bf7c407c2cedff20999df2af8eb42d56 -> 
  custom:container-demuxer-ogg: 62fdf1f143b41e24485cea50d1cbac27 -> 
  custom:video-decoder-webm-vp8: 9c59270c3fd7afecdb556c50c9e8de78 -> 
  custom:audio-decoder-ogg-vorbis: bf7c407c2cedff20999df2af8eb42d56 -> 
========================================================================
Received Prepare
Registering precompiled user dll's ...
Registered in 0.001725 seconds.
Begin MonoManager ReloadAssembly
Thread 0x16ba23000 may have been prematurely finalized
Symbol file LoadedFromMemory doesn't match image /Users/sangyeobhan/myLogin/Library/PackageCache/com.unity.visualscripting@1.7.8/Editor/VisualScripting.Core/Dependencies/YamlDotNet/Unity.VisualScripting.YamlDotNet.dll
Symbol file LoadedFromMemory doesn't match image /Users/sangyeobhan/myLogin/Library/PackageCache/com.unity.visualscripting@1.7.8/Editor/VisualScripting.Core/Dependencies/DotNetZip/Unity.VisualScripting.IonicZip.dll
Native extension for OSXStandalone target not found
Native extension for WebGL target not found
Refreshing native plugins compatible for Editor in 0.50 ms, found 2 plugins.
Preloading 0 native plugins for Editor in 0.00 ms.
Mono: successfully reloaded assembly
- Completed reload, in  0.805 seconds
Domain Reload Profiling:
	ReloadAssembly (806ms)
		BeginReloadAssembly (130ms)
			ExecutionOrderSort (0ms)
			DisableScriptedObjects (8ms)
			BackupInstance (0ms)
			ReleaseScriptingObjects (0ms)
			CreateAndSetChildDomain (58ms)
		EndReloadAssembly (602ms)
			LoadAssemblies (59ms)
			RebuildTransferFunctionScriptingTraits (0ms)
			SetupTypeCache (237ms)
			ReleaseScriptCaches (1ms)
			RebuildScriptCaches (34ms)
			SetupLoadedEditorAssemblies (241ms)
				LogAssemblyErrors (0ms)
				InitializePlatformSupportModulesInManaged (7ms)
				SetLoadedEditorAssemblies (0ms)
				RefreshPlugins (1ms)
				BeforeProcessingInitializeOnLoad (46ms)
				ProcessInitializeOnLoadAttributes (166ms)
				ProcessInitializeOnLoadMethodAttributes (19ms)
				AfterProcessingInitializeOnLoad (1ms)
				EditorAssembliesLoaded (0ms)
			ExecutionOrderSort2 (0ms)
			AwakeInstancesAfterBackupRestoration (3ms)
Platform modules already initialized, skipping
Refreshing native plugins compatible for Editor in 0.94 ms, found 2 plugins.
Preloading 0 native plugins for Editor in 0.00 ms.
Unloading 3413 Unused Serialized files (Serialized files now loaded: 0)
Unloading 20 unused Assets / (73.1 KB). Loaded Objects now: 3922.
Memory consumption went from 249.7 MB to 249.6 MB.
Total: 2.670792 ms (FindLiveObjects: 0.124292 ms CreateObjectMapping: 0.047709 ms MarkObjects: 2.421042 ms  DeleteObjects: 0.077042 ms)

AssetImportParameters requested are different than current active one (requested -> active):
  custom:video-decoder-ogg-theora: a1e56fd34408186e4bbccfd4996cb3dc -> 
  custom:container-muxer-webm: aa71ff27fc2769a1b78a27578f13a17b -> 
  custom:container-demuxer-webm: 4f35f7cbe854078d1ac9338744f61a02 -> 
  custom:video-encoder-webm-vp8: eb34c28f22e8b96e1ab97ce403110664 -> 
  custom:framework-osx-AVFoundation: e770b220cccbd017edd2c1fefb359320 -> 
  custom:audio-encoder-webm-vorbis: bf7c407c2cedff20999df2af8eb42d56 -> 
  custom:container-demuxer-ogg: 62fdf1f143b41e24485cea50d1cbac27 -> 
  custom:video-decoder-webm-vp8: 9c59270c3fd7afecdb556c50c9e8de78 -> 
  custom:audio-decoder-ogg-vorbis: bf7c407c2cedff20999df2af8eb42d56 -> 
========================================================================
Received Prepare
Registering precompiled user dll's ...
Registered in 0.001510 seconds.
Begin MonoManager ReloadAssembly
Thread 0x16ba23000 may have been prematurely finalized
Symbol file LoadedFromMemory doesn't match image /Users/sangyeobhan/myLogin/Library/PackageCache/com.unity.visualscripting@1.7.8/Editor/VisualScripting.Core/Dependencies/YamlDotNet/Unity.VisualScripting.YamlDotNet.dll
Symbol file LoadedFromMemory doesn't match image /Users/sangyeobhan/myLogin/Library/PackageCache/com.unity.visualscripting@1.7.8/Editor/VisualScripting.Core/Dependencies/DotNetZip/Unity.VisualScripting.IonicZip.dll
Native extension for OSXStandalone target not found
Native extension for WebGL target not found
Refreshing native plugins compatible for Editor in 0.43 ms, found 2 plugins.
Preloading 0 native plugins for Editor in 0.00 ms.
Mono: successfully reloaded assembly
- Completed reload, in  0.785 seconds
Domain Reload Profiling:
	ReloadAssembly (785ms)
		BeginReloadAssembly (115ms)
			ExecutionOrderSort (0ms)
			DisableScriptedObjects (5ms)
			BackupInstance (0ms)
			ReleaseScriptingObjects (0ms)
			CreateAndSetChildDomain (49ms)
		EndReloadAssembly (595ms)
			LoadAssemblies (52ms)
			RebuildTransferFunctionScriptingTraits (0ms)
			SetupTypeCache (233ms)
			ReleaseScriptCaches (1ms)
			RebuildScriptCaches (35ms)
			SetupLoadedEditorAssemblies (241ms)
				LogAssemblyErrors (0ms)
				InitializePlatformSupportModulesInManaged (7ms)
				SetLoadedEditorAssemblies (0ms)
				RefreshPlugins (0ms)
				BeforeProcessingInitializeOnLoad (46ms)
				ProcessInitializeOnLoadAttributes (167ms)
				ProcessInitializeOnLoadMethodAttributes (19ms)
				AfterProcessingInitializeOnLoad (1ms)
				EditorAssembliesLoaded (0ms)
			ExecutionOrderSort2 (0ms)
			AwakeInstancesAfterBackupRestoration (3ms)
Platform modules already initialized, skipping
Refreshing native plugins compatible for Editor in 0.98 ms, found 2 plugins.
Preloading 0 native plugins for Editor in 0.00 ms.
Unloading 3413 Unused Serialized files (Serialized files now loaded: 0)
Unloading 20 unused Assets / (73.1 KB). Loaded Objects now: 3925.
Memory consumption went from 250.0 MB to 249.9 MB.
Total: 7.916458 ms (FindLiveObjects: 0.125166 ms CreateObjectMapping: 0.045917 ms MarkObjects: 7.626917 ms  DeleteObjects: 0.117500 ms)

AssetImportParameters requested are different than current active one (requested -> active):
  custom:video-decoder-ogg-theora: a1e56fd34408186e4bbccfd4996cb3dc -> 
  custom:container-muxer-webm: aa71ff27fc2769a1b78a27578f13a17b -> 
  custom:container-demuxer-webm: 4f35f7cbe854078d1ac9338744f61a02 -> 
  custom:video-encoder-webm-vp8: eb34c28f22e8b96e1ab97ce403110664 -> 
  custom:framework-osx-AVFoundation: e770b220cccbd017edd2c1fefb359320 -> 
  custom:audio-encoder-webm-vorbis: bf7c407c2cedff20999df2af8eb42d56 -> 
  custom:container-demuxer-ogg: 62fdf1f143b41e24485cea50d1cbac27 -> 
  custom:video-decoder-webm-vp8: 9c59270c3fd7afecdb556c50c9e8de78 -> 
  custom:audio-decoder-ogg-vorbis: bf7c407c2cedff20999df2af8eb42d56 -> 
========================================================================
Received Prepare
Registering precompiled user dll's ...
Registered in 0.002767 seconds.
Begin MonoManager ReloadAssembly
Thread 0x16ba23000 may have been prematurely finalized
Symbol file LoadedFromMemory doesn't match image /Users/sangyeobhan/myLogin/Library/PackageCache/com.unity.visualscripting@1.7.8/Editor/VisualScripting.Core/Dependencies/YamlDotNet/Unity.VisualScripting.YamlDotNet.dll
Symbol file LoadedFromMemory doesn't match image /Users/sangyeobhan/myLogin/Library/PackageCache/com.unity.visualscripting@1.7.8/Editor/VisualScripting.Core/Dependencies/DotNetZip/Unity.VisualScripting.IonicZip.dll
Native extension for OSXStandalone target not found
Native extension for WebGL target not found
Refreshing native plugins compatible for Editor in 0.53 ms, found 2 plugins.
Preloading 0 native plugins for Editor in 0.00 ms.
Mono: successfully reloaded assembly
- Completed reload, in  0.768 seconds
Domain Reload Profiling:
	ReloadAssembly (771ms)
		BeginReloadAssembly (129ms)
			ExecutionOrderSort (0ms)
			DisableScriptedObjects (5ms)
			BackupInstance (0ms)
			ReleaseScriptingObjects (0ms)
			CreateAndSetChildDomain (55ms)
		EndReloadAssembly (567ms)
			LoadAssemblies (51ms)
			RebuildTransferFunctionScriptingTraits (0ms)
			SetupTypeCache (220ms)
			ReleaseScriptCaches (1ms)
			RebuildScriptCaches (32ms)
			SetupLoadedEditorAssemblies (233ms)
				LogAssemblyErrors (0ms)
				InitializePlatformSupportModulesInManaged (7ms)
				SetLoadedEditorAssemblies (1ms)
				RefreshPlugins (1ms)
				BeforeProcessingInitializeOnLoad (50ms)
				ProcessInitializeOnLoadAttributes (155ms)
				ProcessInitializeOnLoadMethodAttributes (19ms)
				AfterProcessingInitializeOnLoad (1ms)
				EditorAssembliesLoaded (0ms)
			ExecutionOrderSort2 (0ms)
			AwakeInstancesAfterBackupRestoration (3ms)
Platform modules already initialized, skipping
Refreshing native plugins compatible for Editor in 0.92 ms, found 2 plugins.
Preloading 0 native plugins for Editor in 0.00 ms.
Unloading 3414 Unused Serialized files (Serialized files now loaded: 0)
Unloading 20 unused Assets / (73.0 KB). Loaded Objects now: 3929.
Memory consumption went from 250.3 MB to 250.2 MB.
Total: 2.842500 ms (FindLiveObjects: 0.142750 ms CreateObjectMapping: 0.048750 ms MarkObjects: 2.518833 ms  DeleteObjects: 0.131708 ms)

AssetImportParameters requested are different than current active one (requested -> active):
  custom:video-decoder-ogg-theora: a1e56fd34408186e4bbccfd4996cb3dc -> 
  custom:container-muxer-webm: aa71ff27fc2769a1b78a27578f13a17b -> 
  custom:container-demuxer-webm: 4f35f7cbe854078d1ac9338744f61a02 -> 
  custom:video-encoder-webm-vp8: eb34c28f22e8b96e1ab97ce403110664 -> 
  custom:framework-osx-AVFoundation: e770b220cccbd017edd2c1fefb359320 -> 
  custom:audio-encoder-webm-vorbis: bf7c407c2cedff20999df2af8eb42d56 -> 
  custom:container-demuxer-ogg: 62fdf1f143b41e24485cea50d1cbac27 -> 
  custom:video-decoder-webm-vp8: 9c59270c3fd7afecdb556c50c9e8de78 -> 
  custom:audio-decoder-ogg-vorbis: bf7c407c2cedff20999df2af8eb42d56 -> 
========================================================================
Received Prepare
Registering precompiled user dll's ...
Registered in 0.001798 seconds.
Begin MonoManager ReloadAssembly
Thread 0x16ba23000 may have been prematurely finalized
Symbol file LoadedFromMemory doesn't match image /Users/sangyeobhan/myLogin/Library/PackageCache/com.unity.visualscripting@1.7.8/Editor/VisualScripting.Core/Dependencies/YamlDotNet/Unity.VisualScripting.YamlDotNet.dll
Symbol file LoadedFromMemory doesn't match image /Users/sangyeobhan/myLogin/Library/PackageCache/com.unity.visualscripting@1.7.8/Editor/VisualScripting.Core/Dependencies/DotNetZip/Unity.VisualScripting.IonicZip.dll
Native extension for OSXStandalone target not found
Native extension for WebGL target not found
Refreshing native plugins compatible for Editor in 0.79 ms, found 2 plugins.
Preloading 0 native plugins for Editor in 0.00 ms.
Mono: successfully reloaded assembly
- Completed reload, in  0.719 seconds
Domain Reload Profiling:
	ReloadAssembly (720ms)
		BeginReloadAssembly (97ms)
			ExecutionOrderSort (0ms)
			DisableScriptedObjects (4ms)
			BackupInstance (0ms)
			ReleaseScriptingObjects (0ms)
			CreateAndSetChildDomain (43ms)
		EndReloadAssembly (551ms)
			LoadAssemblies (40ms)
			RebuildTransferFunctionScriptingTraits (0ms)
			SetupTypeCache (213ms)
			ReleaseScriptCaches (2ms)
			RebuildScriptCaches (32ms)
			SetupLoadedEditorAssemblies (228ms)
				LogAssemblyErrors (0ms)
				InitializePlatformSupportModulesInManaged (6ms)
				SetLoadedEditorAssemblies (0ms)
				RefreshPlugins (1ms)
				BeforeProcessingInitializeOnLoad (47ms)
				ProcessInitializeOnLoadAttributes (155ms)
				ProcessInitializeOnLoadMethodAttributes (18ms)
				AfterProcessingInitializeOnLoad (1ms)
				EditorAssembliesLoaded (0ms)
			ExecutionOrderSort2 (0ms)
			AwakeInstancesAfterBackupRestoration (3ms)
Platform modules already initialized, skipping
Refreshing native plugins compatible for Editor in 0.83 ms, found 2 plugins.
Preloading 0 native plugins for Editor in 0.00 ms.
Unloading 3414 Unused Serialized files (Serialized files now loaded: 0)
Unloading 20 unused Assets / (73.1 KB). Loaded Objects now: 3932.
Memory consumption went from 250.4 MB to 250.3 MB.
Total: 2.414458 ms (FindLiveObjects: 0.127084 ms CreateObjectMapping: 0.062458 ms MarkObjects: 2.172250 ms  DeleteObjects: 0.052292 ms)

AssetImportParameters requested are different than current active one (requested -> active):
  custom:video-decoder-ogg-theora: a1e56fd34408186e4bbccfd4996cb3dc -> 
  custom:container-muxer-webm: aa71ff27fc2769a1b78a27578f13a17b -> 
  custom:container-demuxer-webm: 4f35f7cbe854078d1ac9338744f61a02 -> 
  custom:video-encoder-webm-vp8: eb34c28f22e8b96e1ab97ce403110664 -> 
  custom:framework-osx-AVFoundation: e770b220cccbd017edd2c1fefb359320 -> 
  custom:audio-encoder-webm-vorbis: bf7c407c2cedff20999df2af8eb42d56 -> 
  custom:container-demuxer-ogg: 62fdf1f143b41e24485cea50d1cbac27 -> 
  custom:video-decoder-webm-vp8: 9c59270c3fd7afecdb556c50c9e8de78 -> 
  custom:audio-decoder-ogg-vorbis: bf7c407c2cedff20999df2af8eb42d56 -> 
